<?xml version="1.0" encoding="UTF-8"?>
<testsuite xmlns:xsi="http://www.w3.org/2001/XMLSchema-instance" xsi:noNamespaceSchemaLocation="https://maven.apache.org/surefire/maven-surefire-plugin/xsd/surefire-test-report.xsd" name="com.example.demo.TestEmployee" time="3.062" tests="3" errors="0" skipped="0" failures="0">
  <properties>
[...]
</properties>
  <testcase name="testEmplListWithSorting" classname="com.example.demo.TestEmployee" time="0.313"/>
  <testcase name="testEmpListWithSort" classname="com.example.demo.TestEmployee" time="0.187"/>
  <testcase name="testEmplList" classname="com.example.demo.TestEmployee" time="0"/>
</testsuite>